<?xml version="1.0" encoding="UTF-8"?>
<robot generator="Robot 4.1.3 (Python 3.10.2 on win32)" generated="20220318 20:56:23.990" rpa="false" schemaversion="2">
<suite id="s1" name="Cenarios Pesquisa Produto" source="C:\aulas_pha\refactoring\tests\features\cenarios_pesquisa_produto.robot">
<test id="s1-t1" name="Caso de Teste 02: Pesquisar produto inexistente">
<kw name="Abrir o navegador" library="hooks" type="SETUP">
<kw name="Open Browser" library="SeleniumLibrary">
<arg>browser=${BROWSER}</arg>
<doc>Opens a new browser instance to the optional ``url``.</doc>
<msg timestamp="20220318 20:56:24.965" level="INFO">Opening browser 'chrome' to base url 'None'.</msg>
<status status="PASS" starttime="20220318 20:56:24.965" endtime="20220318 20:56:26.552"/>
</kw>
<kw name="Maximize Browser Window" library="SeleniumLibrary">
<doc>Maximizes current browser window.</doc>
<status status="PASS" starttime="20220318 20:56:26.553" endtime="20220318 20:56:26.689"/>
</kw>
<status status="PASS" starttime="20220318 20:56:24.964" endtime="20220318 20:56:26.689"/>
</kw>
<kw name="Acessar a página home do site Automation Practice" library="keywords">
<kw name="Go To" library="SeleniumLibrary">
<arg>${URL}</arg>
<doc>Navigates the current browser window to the provided ``url``.</doc>
<msg timestamp="20220318 20:56:26.690" level="INFO">Opening url 'http://automationpractice.com'</msg>
<status status="PASS" starttime="20220318 20:56:26.690" endtime="20220318 20:56:31.804"/>
</kw>
<kw name="Title Should Be" library="SeleniumLibrary">
<arg>${TITULO_HOMEPAGE}</arg>
<doc>Verifies that the current page title equals ``title``.</doc>
<msg timestamp="20220318 20:56:31.809" level="INFO">Page title is 'My Store'.</msg>
<status status="PASS" starttime="20220318 20:56:31.804" endtime="20220318 20:56:31.809"/>
</kw>
<status status="PASS" starttime="20220318 20:56:26.689" endtime="20220318 20:56:31.809"/>
</kw>
<kw name="Digitar um produto inexistente no campo de pesquisa" library="keywords">
<kw name="Name" library="FakerLibrary">
<var>${NOME_INEXISTENTE}</var>
<doc>:example 'John Doe'</doc>
<msg timestamp="20220318 20:56:31.812" level="INFO">${NOME_INEXISTENTE} = Ian Ribeiro</msg>
<status status="PASS" starttime="20220318 20:56:31.812" endtime="20220318 20:56:31.812"/>
</kw>
<kw name="Input Text" library="SeleniumLibrary">
<arg>${CAIXA_PESQUISA}</arg>
<arg>${NOME_INEXISTENTE}</arg>
<doc>Types the given ``text`` into the text field identified by ``locator``.</doc>
<msg timestamp="20220318 20:56:31.812" level="INFO">Typing text 'Ian Ribeiro' into text field 'name=search_query'.</msg>
<status status="PASS" starttime="20220318 20:56:31.812" endtime="20220318 20:56:31.928"/>
</kw>
<kw name="Set Test Variable" library="BuiltIn">
<arg>${NOME_INEXISTENTE}</arg>
<doc>Makes a variable available everywhere within the scope of the current test.</doc>
<msg timestamp="20220318 20:56:31.929" level="INFO">${NOME_INEXISTENTE} = Ian Ribeiro</msg>
<status status="PASS" starttime="20220318 20:56:31.928" endtime="20220318 20:56:31.929"/>
</kw>
<status status="PASS" starttime="20220318 20:56:31.810" endtime="20220318 20:56:31.929"/>
</kw>
<kw name="Clicar no botão pesquisar" library="keywords">
<kw name="Click Element" library="SeleniumLibrary">
<arg>${BOTAO_PESQUISAR}</arg>
<doc>Click the element identified by ``locator``.</doc>
<msg timestamp="20220318 20:56:31.931" level="INFO">Clicking element 'name=submit_search'.</msg>
<status status="PASS" starttime="20220318 20:56:31.930" endtime="20220318 20:56:33.837"/>
</kw>
<kw name="Capture Page Screenshot" library="SeleniumLibrary">
<doc>Takes a screenshot of the current page and embeds it into a log file.</doc>
<msg timestamp="20220318 20:56:33.978" level="INFO" html="true">&lt;/td&gt;&lt;/tr&gt;&lt;tr&gt;&lt;td colspan="3"&gt;&lt;a href="selenium-screenshot-5.png"&gt;&lt;img src="selenium-screenshot-5.png" width="800px"&gt;&lt;/a&gt;</msg>
<status status="PASS" starttime="20220318 20:56:33.838" endtime="20220318 20:56:33.978"/>
</kw>
<status status="PASS" starttime="20220318 20:56:31.930" endtime="20220318 20:56:33.979"/>
</kw>
<kw name="Conferir erro com produto aleatorio" library="keywords">
<kw name="Element Text Should Be" library="SeleniumLibrary">
<arg>class=alert.alert-warning</arg>
<arg>No results were found for your search "${NOME_INEXISTENTE}"</arg>
<doc>Verifies that element ``locator`` contains exact the text ``expected``.</doc>
<msg timestamp="20220318 20:56:33.981" level="INFO">Verifying element 'class=alert.alert-warning' contains exact text 'No results were found for your search "Ian Ribeiro"'.</msg>
<status status="PASS" starttime="20220318 20:56:33.980" endtime="20220318 20:56:34.008"/>
</kw>
<kw name="Log To Console" library="BuiltIn">
<arg>O nome aleatorio gerado foi: ${NOME_INEXISTENTE}</arg>
<doc>Logs the given message to the console.</doc>
<status status="PASS" starttime="20220318 20:56:34.008" endtime="20220318 20:56:34.009"/>
</kw>
<status status="PASS" starttime="20220318 20:56:33.979" endtime="20220318 20:56:34.009"/>
</kw>
<kw name="Fechar o navegador" library="hooks" type="TEARDOWN">
<kw name="Close Browser" library="SeleniumLibrary">
<doc>Closes the current browser.</doc>
<status status="PASS" starttime="20220318 20:56:34.010" endtime="20220318 20:56:36.361"/>
</kw>
<status status="PASS" starttime="20220318 20:56:34.010" endtime="20220318 20:56:36.361"/>
</kw>
<tag>@teste2</tag>
<status status="PASS" starttime="20220318 20:56:24.963" endtime="20220318 20:56:36.362"/>
</test>
<status status="PASS" starttime="20220318 20:56:23.992" endtime="20220318 20:56:36.364"/>
</suite>
<statistics>
<total>
<stat pass="1" fail="0" skip="0">All Tests</stat>
</total>
<tag>
<stat pass="1" fail="0" skip="0">@teste2</stat>
</tag>
<suite>
<stat pass="1" fail="0" skip="0" id="s1" name="Cenarios Pesquisa Produto">Cenarios Pesquisa Produto</stat>
</suite>
</statistics>
<errors>
</errors>
</robot>
